[30-Aug-2021 22:04:36 UTC] PHP Warning:  require(D:\cours\www\laragon\gestionnairedemdp\public/../vendor/autoload.php): failed to open stream: No such file or directory in D:\cours\www\laragon\gestionnairedemdp\public\index.php on line 34
[30-Aug-2021 22:04:36 UTC] PHP Fatal error:  require(): Failed opening required 'D:\cours\www\laragon\gestionnairedemdp\public/../vendor/autoload.php' (include_path='.;C:/laragon/etc/php/pear') in D:\cours\www\laragon\gestionnairedemdp\public\index.php on line 34
[30-Aug-2021 22:30:37 UTC] PHP Warning:  require(D:\cours\www\laragon\gestionnairedemdp\public/../vendor/autoload.php): failed to open stream: No such file or directory in D:\cours\www\laragon\gestionnairedemdp\public\index.php on line 34
[30-Aug-2021 22:30:37 UTC] PHP Fatal error:  require(): Failed opening required 'D:\cours\www\laragon\gestionnairedemdp\public/../vendor/autoload.php' (include_path='.;C:/laragon/etc/php/pear') in D:\cours\www\laragon\gestionnairedemdp\public\index.php on line 34
[30-Aug-2021 22:30:40 UTC] PHP Warning:  require(D:\cours\www\laragon\gestionnairedemdp\public/../vendor/autoload.php): failed to open stream: No such file or directory in D:\cours\www\laragon\gestionnairedemdp\public\index.php on line 34
[30-Aug-2021 22:30:40 UTC] PHP Fatal error:  require(): Failed opening required 'D:\cours\www\laragon\gestionnairedemdp\public/../vendor/autoload.php' (include_path='.;C:/laragon/etc/php/pear') in D:\cours\www\laragon\gestionnairedemdp\public\index.php on line 34
[30-Aug-2021 22:30:40 UTC] PHP Warning:  require(D:\cours\www\laragon\gestionnairedemdp\public/../vendor/autoload.php): failed to open stream: No such file or directory in D:\cours\www\laragon\gestionnairedemdp\public\index.php on line 34
[30-Aug-2021 22:30:40 UTC] PHP Fatal error:  require(): Failed opening required 'D:\cours\www\laragon\gestionnairedemdp\public/../vendor/autoload.php' (include_path='.;C:/laragon/etc/php/pear') in D:\cours\www\laragon\gestionnairedemdp\public\index.php on line 34
[30-Aug-2021 22:30:41 UTC] PHP Warning:  require(D:\cours\www\laragon\gestionnairedemdp\public/../vendor/autoload.php): failed to open stream: No such file or directory in D:\cours\www\laragon\gestionnairedemdp\public\index.php on line 34
[30-Aug-2021 22:30:41 UTC] PHP Fatal error:  require(): Failed opening required 'D:\cours\www\laragon\gestionnairedemdp\public/../vendor/autoload.php' (include_path='.;C:/laragon/etc/php/pear') in D:\cours\www\laragon\gestionnairedemdp\public\index.php on line 34
[30-Aug-2021 22:30:41 UTC] PHP Warning:  require(D:\cours\www\laragon\gestionnairedemdp\public/../vendor/autoload.php): failed to open stream: No such file or directory in D:\cours\www\laragon\gestionnairedemdp\public\index.php on line 34
[30-Aug-2021 22:30:41 UTC] PHP Fatal error:  require(): Failed opening required 'D:\cours\www\laragon\gestionnairedemdp\public/../vendor/autoload.php' (include_path='.;C:/laragon/etc/php/pear') in D:\cours\www\laragon\gestionnairedemdp\public\index.php on line 34
[30-Aug-2021 22:30:41 UTC] PHP Warning:  require(D:\cours\www\laragon\gestionnairedemdp\public/../vendor/autoload.php): failed to open stream: No such file or directory in D:\cours\www\laragon\gestionnairedemdp\public\index.php on line 34
[30-Aug-2021 22:30:41 UTC] PHP Fatal error:  require(): Failed opening required 'D:\cours\www\laragon\gestionnairedemdp\public/../vendor/autoload.php' (include_path='.;C:/laragon/etc/php/pear') in D:\cours\www\laragon\gestionnairedemdp\public\index.php on line 34
[30-Aug-2021 22:30:41 UTC] PHP Warning:  require(D:\cours\www\laragon\gestionnairedemdp\public/../vendor/autoload.php): failed to open stream: No such file or directory in D:\cours\www\laragon\gestionnairedemdp\public\index.php on line 34
[30-Aug-2021 22:30:41 UTC] PHP Fatal error:  require(): Failed opening required 'D:\cours\www\laragon\gestionnairedemdp\public/../vendor/autoload.php' (include_path='.;C:/laragon/etc/php/pear') in D:\cours\www\laragon\gestionnairedemdp\public\index.php on line 34
[30-Aug-2021 22:30:44 UTC] PHP Warning:  require(D:\cours\www\laragon\gestionnairedemdp\public/../vendor/autoload.php): failed to open stream: No such file or directory in D:\cours\www\laragon\gestionnairedemdp\public\index.php on line 34
[30-Aug-2021 22:30:44 UTC] PHP Fatal error:  require(): Failed opening required 'D:\cours\www\laragon\gestionnairedemdp\public/../vendor/autoload.php' (include_path='.;C:/laragon/etc/php/pear') in D:\cours\www\laragon\gestionnairedemdp\public\index.php on line 34
[31-Aug-2021 16:34:26 UTC] PHP Fatal error:  Uncaught Error: Call to undefined method Illuminate\Database\MySqlConnection::first() in D:\cours\www\laragon\gestionnairedemdp\vendor\laravel\framework\src\Illuminate\Database\DatabaseManager.php:388
Stack trace:
#0 D:\cours\www\laragon\gestionnairedemdp\vendor\laravel\framework\src\Illuminate\Support\Facades\Facade.php(261): Illuminate\Database\DatabaseManager->__call('first', Array)
#1 Command line code(1): Illuminate\Support\Facades\Facade::__callStatic('first', Array)
#2 {main}
  thrown in D:\cours\www\laragon\gestionnairedemdp\vendor\laravel\framework\src\Illuminate\Database\DatabaseManager.php on line 388
[31-Aug-2021 23:28:54 UTC] PHP Fatal error:  App\Models\User cannot implement Illuminate\Foundation\Auth\User - it is not an interface in D:\cours\www\laragon\gestionnairedemdp\app\Models\User.php on line 10
[09-Nov-2021 19:06:15 UTC] PHP Warning:  require(C:\Users\punky\Documents\GitHub\tableauDeBordSerreDeSangatte\www\tableau_de_bord\public/../vendor/autoload.php): failed to open stream: No such file or directory in C:\Users\punky\Documents\GitHub\tableauDeBordSerreDeSangatte\www\tableau_de_bord\public\index.php on line 34
[09-Nov-2021 19:06:15 UTC] PHP Fatal error:  require(): Failed opening required 'C:\Users\punky\Documents\GitHub\tableauDeBordSerreDeSangatte\www\tableau_de_bord\public/../vendor/autoload.php' (include_path='.;C:/Users/punky/Documents/GitHub/tableauDeBordSerreDeSangatte/etc/php/pear') in C:\Users\punky\Documents\GitHub\tableauDeBordSerreDeSangatte\www\tableau_de_bord\public\index.php on line 34
[09-Nov-2021 19:07:01 UTC] PHP Warning:  require(C:\Users\punky\Documents\GitHub\tableauDeBordSerreDeSangatte\www\tableau_de_bord\public/../vendor/autoload.php): failed to open stream: No such file or directory in C:\Users\punky\Documents\GitHub\tableauDeBordSerreDeSangatte\www\tableau_de_bord\public\index.php on line 34
[09-Nov-2021 19:07:01 UTC] PHP Fatal error:  require(): Failed opening required 'C:\Users\punky\Documents\GitHub\tableauDeBordSerreDeSangatte\www\tableau_de_bord\public/../vendor/autoload.php' (include_path='.;C:/Users/punky/Documents/GitHub/tableauDeBordSerreDeSangatte/etc/php/pear') in C:\Users\punky\Documents\GitHub\tableauDeBordSerreDeSangatte\www\tableau_de_bord\public\index.php on line 34
[09-Nov-2021 19:08:19 UTC] PHP Warning:  require(C:\Users\punky\Documents\GitHub\tableauDeBordSerreDeSangatte\www\tableau_de_bord\public/../vendor/autoload.php): failed to open stream: No such file or directory in C:\Users\punky\Documents\GitHub\tableauDeBordSerreDeSangatte\www\tableau_de_bord\public\index.php on line 34
[09-Nov-2021 19:08:19 UTC] PHP Fatal error:  require(): Failed opening required 'C:\Users\punky\Documents\GitHub\tableauDeBordSerreDeSangatte\www\tableau_de_bord\public/../vendor/autoload.php' (include_path='.;C:/Users/punky/Documents/GitHub/tableauDeBordSerreDeSangatte/etc/php/pear') in C:\Users\punky\Documents\GitHub\tableauDeBordSerreDeSangatte\www\tableau_de_bord\public\index.php on line 34
[09-Nov-2021 19:43:54 UTC] PHP Warning:  require(C:\Users\punky\Documents\GitHub\tableauDeBordSerreDeSangatte\www\tableau_de_bord\public/../vendor/autoload.php): failed to open stream: No such file or directory in C:\Users\punky\Documents\GitHub\tableauDeBordSerreDeSangatte\www\tableau_de_bord\public\index.php on line 34
[09-Nov-2021 19:43:54 UTC] PHP Fatal error:  require(): Failed opening required 'C:\Users\punky\Documents\GitHub\tableauDeBordSerreDeSangatte\www\tableau_de_bord\public/../vendor/autoload.php' (include_path='.;C:/Users/punky/Documents/GitHub/tableauDeBordSerreDeSangatte/etc/php/pear') in C:\Users\punky\Documents\GitHub\tableauDeBordSerreDeSangatte\www\tableau_de_bord\public\index.php on line 34
[09-Nov-2021 19:43:55 UTC] PHP Warning:  require(C:\Users\punky\Documents\GitHub\tableauDeBordSerreDeSangatte\www\tableau_de_bord\public/../vendor/autoload.php): failed to open stream: No such file or directory in C:\Users\punky\Documents\GitHub\tableauDeBordSerreDeSangatte\www\tableau_de_bord\public\index.php on line 34
[09-Nov-2021 19:43:55 UTC] PHP Fatal error:  require(): Failed opening required 'C:\Users\punky\Documents\GitHub\tableauDeBordSerreDeSangatte\www\tableau_de_bord\public/../vendor/autoload.php' (include_path='.;C:/Users/punky/Documents/GitHub/tableauDeBordSerreDeSangatte/etc/php/pear') in C:\Users\punky\Documents\GitHub\tableauDeBordSerreDeSangatte\www\tableau_de_bord\public\index.php on line 34
[09-Nov-2021 19:44:58 UTC] PHP Warning:  require(C:\Users\punky\Documents\GitHub\tableauDeBordSerreDeSangatte\www\tableau_de_bord\public/../vendor/autoload.php): failed to open stream: No such file or directory in C:\Users\punky\Documents\GitHub\tableauDeBordSerreDeSangatte\www\tableau_de_bord\public\index.php on line 34
[09-Nov-2021 19:44:58 UTC] PHP Fatal error:  require(): Failed opening required 'C:\Users\punky\Documents\GitHub\tableauDeBordSerreDeSangatte\www\tableau_de_bord\public/../vendor/autoload.php' (include_path='.;C:/Users/punky/Documents/GitHub/tableauDeBordSerreDeSangatte/etc/php/pear') in C:\Users\punky\Documents\GitHub\tableauDeBordSerreDeSangatte\www\tableau_de_bord\public\index.php on line 34
[09-Nov-2021 19:45:02 UTC] PHP Warning:  require(C:\Users\punky\Documents\GitHub\tableauDeBordSerreDeSangatte\www\tableau_de_bord\public/../vendor/autoload.php): failed to open stream: No such file or directory in C:\Users\punky\Documents\GitHub\tableauDeBordSerreDeSangatte\www\tableau_de_bord\public\index.php on line 34
[09-Nov-2021 19:45:02 UTC] PHP Fatal error:  require(): Failed opening required 'C:\Users\punky\Documents\GitHub\tableauDeBordSerreDeSangatte\www\tableau_de_bord\public/../vendor/autoload.php' (include_path='.;C:/Users/punky/Documents/GitHub/tableauDeBordSerreDeSangatte/etc/php/pear') in C:\Users\punky\Documents\GitHub\tableauDeBordSerreDeSangatte\www\tableau_de_bord\public\index.php on line 34
[09-Nov-2021 20:18:44 UTC] PHP Warning:  require(C:\Users\punky\Documents\GitHub\tableauDeBordSerreDeSangatte\www\tableau_de_bord\public/../vendor/autoload.php): failed to open stream: No such file or directory in C:\Users\punky\Documents\GitHub\tableauDeBordSerreDeSangatte\www\tableau_de_bord\public\index.php on line 34
[09-Nov-2021 20:18:44 UTC] PHP Fatal error:  require(): Failed opening required 'C:\Users\punky\Documents\GitHub\tableauDeBordSerreDeSangatte\www\tableau_de_bord\public/../vendor/autoload.php' (include_path='.;C:/Users/punky/Documents/GitHub/tableauDeBordSerreDeSangatte/etc/php/pear') in C:\Users\punky\Documents\GitHub\tableauDeBordSerreDeSangatte\www\tableau_de_bord\public\index.php on line 34
