[Tue Aug 31 00:02:37.821981 2021] [mpm_winnt:notice] [pid 9648:tid 736] AH00455: Apache/2.4.47 (Win64) OpenSSL/1.1.1k PHP/7.4.19 configured -- resuming normal operations
[Tue Aug 31 00:02:37.821981 2021] [mpm_winnt:notice] [pid 9648:tid 736] AH00456: Apache Lounge VS16 Server built: Apr 24 2021 11:08:47
[Tue Aug 31 00:02:37.821981 2021] [core:notice] [pid 9648:tid 736] AH00094: Command line: 'C:\\laragon\\bin\\apache\\httpd-2.4.47-win64-VS16\\bin\\httpd -d C:/laragon/bin/apache/httpd-2.4.47-win64-VS16'
[Tue Aug 31 00:02:37.823981 2021] [mpm_winnt:notice] [pid 9648:tid 736] AH00418: Parent: Created child process 6588
Apache server restarting...
2021] [mpm_winnt:notice] [pid 6588:tid 508] AH00354: Child: Starting 64 worker threads.
[Tue Aug 31 00:03:52.463098 2021] [mpm_winnt:notice] [pid 9648:tid 736] AH00424: Parent: Received restart signal -- Restarting the server.
[Tue Aug 31 00:03:52.512109 2021] [mpm_winnt:notice] [pid 9648:tid 736] AH00455: Apache/2.4.47 (Win64) OpenSSL/1.1.1k PHP/7.4.19 configured -- resuming normal operations
[Tue Aug 31 00:03:52.512109 2021] [mpm_winnt:notice] [pid 9648:tid 736] AH00456: Apache Lounge VS16 Server built: Apr 24 2021 11:08:47
[Tue Aug 31 00:03:52.512109 2021] [core:notice] [pid 9648:tid 736] AH00094: Command line: 'C:\\laragon\\bin\\apache\\httpd-2.4.47-win64-VS16\\bin\\httpd -d C:/laragon/bin/apache/httpd-2.4.47-win64-VS16'
[Tue Aug 31 00:03:52.515111 2021] [mpm_winnt:notice] [pid 9648:tid 736] AH00418: Parent: Created child process 21536
Apache server interrupted...
021] [mpm_winnt:notice] [pid 21536:tid 4] AH00354: Child: Starting 64 worker threads.
[Tue Aug 31 00:03:56.784692 2021] [mpm_winnt:notice] [pid 9648:tid 736] AH00422: Parent: Received shutdown signal -- Shutting down the server.
[Tue Aug 31 00:03:59.534548 2021] [mpm_winnt:notice] [pid 21536:tid 4] AH00363: Child: Terminating 63 threads that failed to exit.
[Tue Aug 31 00:03:59.534548 2021] [mpm_winnt:notice] [pid 21536:tid 4] AH00364: Child: All worker threads have exited.
[Tue Aug 31 00:04:08.636507 2021] [core:warn] [pid 6448:tid 476] AH00098: pid file C:/laragon/bin/apache/httpd-2.4.47-win64-VS16/logs/httpd.pid overwritten -- Unclean shutdown of previous Apache run?
[Tue Aug 31 00:04:08.655512 2021] [mpm_winnt:notice] [pid 6448:tid 476] AH00455: Apache/2.4.47 (Win64) OpenSSL/1.1.1k PHP/7.4.19 configured -- resuming normal operations
[Tue Aug 31 00:04:08.655512 2021] [mpm_winnt:notice] [pid 6448:tid 476] AH00456: Apache Lounge VS16 Server built: Apr 24 2021 11:08:47
[Tue Aug 31 00:04:08.655512 2021] [core:notice] [pid 6448:tid 476] AH00094: Command line: 'C:\\laragon\\bin\\apache\\httpd-2.4.47-win64-VS16\\bin\\httpd -d C:/laragon/bin/apache/httpd-2.4.47-win64-VS16'
[Tue Aug 31 00:04:08.658512 2021] [mpm_winnt:notice] [pid 6448:tid 476] AH00418: Parent: Created child process 21112
Apache server interrupted...
021] [mpm_winnt:notice] [pid 21112:tid 436] AH00354: Child: Starting 64 worker threads.
[Tue Aug 31 02:00:21.565037 2021] [mpm_winnt:notice] [pid 6448:tid 476] AH00422: Parent: Received shutdown signal -- Shutting down the server.
[Tue Aug 31 02:00:23.572500 2021] [mpm_winnt:notice] [pid 21112:tid 436] AH00364: Child: All worker threads have exited.
[Tue Aug 31 12:30:45.034060 2021] [core:warn] [pid 22488:tid 556] AH00098: pid file C:/laragon/bin/apache/httpd-2.4.47-win64-VS16/logs/httpd.pid overwritten -- Unclean shutdown of previous Apache run?
[Tue Aug 31 12:30:45.271709 2021] [mpm_winnt:notice] [pid 22488:tid 556] AH00455: Apache/2.4.47 (Win64) OpenSSL/1.1.1k PHP/7.4.19 configured -- resuming normal operations
[Tue Aug 31 12:30:45.271709 2021] [mpm_winnt:notice] [pid 22488:tid 556] AH00456: Apache Lounge VS16 Server built: Apr 24 2021 11:08:47
[Tue Aug 31 12:30:45.271709 2021] [core:notice] [pid 22488:tid 556] AH00094: Command line: 'C:\\laragon\\bin\\apache\\httpd-2.4.47-win64-VS16\\bin\\httpd -d C:/laragon/bin/apache/httpd-2.4.47-win64-VS16'
[Tue Aug 31 12:30:45.274711 2021] [mpm_winnt:notice] [pid 22488:tid 556] AH00418: Parent: Created child process 588
Apache server interrupted...
021] [mpm_winnt:notice] [pid 588:tid 684] AH00354: Child: Starting 64 worker threads.
[Tue Aug 31 12:36:58.498737 2021] [mpm_winnt:notice] [pid 22488:tid 556] AH00422: Parent: Received shutdown signal -- Shutting down the server.
[Tue Aug 31 12:37:06.117014 2021] [core:warn] [pid 22328:tid 532] AH00098: pid file C:/laragon/bin/apache/httpd-2.4.47-win64-VS16/logs/httpd.pid overwritten -- Unclean shutdown of previous Apache run?
[Tue Aug 31 12:37:06.133018 2021] [mpm_winnt:notice] [pid 22328:tid 532] AH00455: Apache/2.4.47 (Win64) OpenSSL/1.1.1k PHP/7.4.19 configured -- resuming normal operations
[Tue Aug 31 12:37:06.133018 2021] [mpm_winnt:notice] [pid 22328:tid 532] AH00456: Apache Lounge VS16 Server built: Apr 24 2021 11:08:47
[Tue Aug 31 12:37:06.133018 2021] [core:notice] [pid 22328:tid 532] AH00094: Command line: 'C:\\laragon\\bin\\apache\\httpd-2.4.47-win64-VS16\\bin\\httpd -d C:/laragon/bin/apache/httpd-2.4.47-win64-VS16'
[Tue Aug 31 12:37:06.136019 2021] [mpm_winnt:notice] [pid 22328:tid 532] AH00418: Parent: Created child process 16512
[Tue Aug 31 12:37:06.378967 2021] [mpm_winnt:notice] [pid 16512:tid 632] AH00354: Child: Starting 64 worker threads.
[Thu Sep 02 13:01:32.295695 2021] [core:warn] [pid 9248:tid 540] AH00098: pid file C:/laragon/bin/apache/httpd-2.4.47-win64-VS16/logs/httpd.pid overwritten -- Unclean shutdown of previous Apache run?
[Thu Sep 02 13:01:32.358199 2021] [mpm_winnt:notice] [pid 9248:tid 540] AH00455: Apache/2.4.47 (Win64) OpenSSL/1.1.1k PHP/7.4.19 configured -- resuming normal operations
[Thu Sep 02 13:01:32.358199 2021] [mpm_winnt:notice] [pid 9248:tid 540] AH00456: Apache Lounge VS16 Server built: Apr 24 2021 11:08:47
[Thu Sep 02 13:01:32.358199 2021] [core:notice] [pid 9248:tid 540] AH00094: Command line: 'C:\\laragon\\bin\\apache\\httpd-2.4.47-win64-VS16\\bin\\httpd -d C:/laragon/bin/apache/httpd-2.4.47-win64-VS16'
[Thu Sep 02 13:01:32.373825 2021] [mpm_winnt:notice] [pid 9248:tid 540] AH00418: Parent: Created child process 10560
[Thu Sep 02 13:01:32.717597 2021] [mpm_winnt:notice] [pid 10560:tid 536] AH00354: Child: Starting 64 worker threads.
[Mon Oct 25 18:45:52.734015 2021] [core:warn] [pid 7880:tid 468] AH00098: pid file C:/laragon/bin/apache/httpd-2.4.47-win64-VS16/logs/httpd.pid overwritten -- Unclean shutdown of previous Apache run?
[Mon Oct 25 18:45:52.972066 2021] [mpm_winnt:notice] [pid 7880:tid 468] AH00455: Apache/2.4.47 (Win64) OpenSSL/1.1.1k PHP/7.4.19 configured -- resuming normal operations
[Mon Oct 25 18:45:52.972066 2021] [mpm_winnt:notice] [pid 7880:tid 468] AH00456: Apache Lounge VS16 Server built: Apr 24 2021 11:08:47
[Mon Oct 25 18:45:52.972066 2021] [core:notice] [pid 7880:tid 468] AH00094: Command line: 'C:\\laragon\\bin\\apache\\httpd-2.4.47-win64-VS16\\bin\\httpd -d C:/laragon/bin/apache/httpd-2.4.47-win64-VS16'
[Mon Oct 25 18:45:52.974066 2021] [mpm_winnt:notice] [pid 7880:tid 468] AH00418: Parent: Created child process 16520
Apache server interrupted...
021] [mpm_winnt:notice] [pid 16520:tid 612] AH00354: Child: Starting 64 worker threads.
[Mon Oct 25 18:46:02.474955 2021] [mpm_winnt:notice] [pid 7880:tid 468] AH00422: Parent: Received shutdown signal -- Shutting down the server.
[Mon Oct 25 18:46:04.490736 2021] [mpm_winnt:notice] [pid 16520:tid 612] AH00364: Child: All worker threads have exited.
[Mon Oct 25 18:52:25.140174 2021] [core:warn] [pid 17996:tid 548] AH00098: pid file C:/laragon/bin/apache/httpd-2.4.47-win64-VS16/logs/httpd.pid overwritten -- Unclean shutdown of previous Apache run?
[Mon Oct 25 18:52:25.154178 2021] [mpm_winnt:notice] [pid 17996:tid 548] AH00455: Apache/2.4.47 (Win64) OpenSSL/1.1.1k PHP/7.4.19 configured -- resuming normal operations
[Mon Oct 25 18:52:25.154178 2021] [mpm_winnt:notice] [pid 17996:tid 548] AH00456: Apache Lounge VS16 Server built: Apr 24 2021 11:08:47
[Mon Oct 25 18:52:25.154178 2021] [core:notice] [pid 17996:tid 548] AH00094: Command line: 'C:\\laragon\\bin\\apache\\httpd-2.4.47-win64-VS16\\bin\\httpd -d C:/laragon/bin/apache/httpd-2.4.47-win64-VS16'
[Mon Oct 25 18:52:25.156179 2021] [mpm_winnt:notice] [pid 17996:tid 548] AH00418: Parent: Created child process 14900
Apache server interrupted...
021] [mpm_winnt:notice] [pid 14900:tid 632] AH00354: Child: Starting 64 worker threads.
[Mon Oct 25 18:53:52.652139 2021] [mpm_winnt:notice] [pid 17996:tid 548] AH00422: Parent: Received shutdown signal -- Shutting down the server.
Apache server interrupted...
Apache server interrupted...
[Thu Oct 28 19:17:29.380565 2021] [core:warn] [pid 10648:tid 568] AH00098: pid file C:/laragon/bin/apache/httpd-2.4.47-win64-VS16/logs/httpd.pid overwritten -- Unclean shutdown of previous Apache run?
[Thu Oct 28 19:17:29.603262 2021] [mpm_winnt:notice] [pid 10648:tid 568] AH00455: Apache/2.4.47 (Win64) OpenSSL/1.1.1k PHP/7.4.19 configured -- resuming normal operations
[Thu Oct 28 19:17:29.603262 2021] [mpm_winnt:notice] [pid 10648:tid 568] AH00456: Apache Lounge VS16 Server built: Apr 24 2021 11:08:47
[Thu Oct 28 19:17:29.603262 2021] [core:notice] [pid 10648:tid 568] AH00094: Command line: 'C:\\laragon\\bin\\apache\\httpd-2.4.47-win64-VS16\\bin\\httpd -d C:/laragon/bin/apache/httpd-2.4.47-win64-VS16'
[Thu Oct 28 19:17:29.605263 2021] [mpm_winnt:notice] [pid 10648:tid 568] AH00418: Parent: Created child process 6852
[Thu Oct 28 19:17:29.856320 2021] [mpm_winnt:notice] [pid 6852:tid 712] AH00354: Child: Starting 64 worker threads.
[Thu Oct 28 19:18:19.720909 2021] [mpm_winnt:crit] [pid 6852:tid 712] AH02538: Child: Parent process exited abruptly. Child process is ending
[Thu Oct 28 19:28:18.475157 2021] [core:warn] [pid 14516:tid 528] AH00098: pid file C:/Users/punky/Desktop/tableau_de_bord/bin/apache/httpd-2.4.47-win64-VS16/logs/httpd.pid overwritten -- Unclean shutdown of previous Apache run?
[Thu Oct 28 19:28:18.654971 2021] [mpm_winnt:notice] [pid 14516:tid 528] AH00455: Apache/2.4.47 (Win64) OpenSSL/1.1.1k PHP/7.4.19 configured -- resuming normal operations
[Thu Oct 28 19:28:18.654971 2021] [mpm_winnt:notice] [pid 14516:tid 528] AH00456: Apache Lounge VS16 Server built: Apr 24 2021 11:08:47
[Thu Oct 28 19:28:18.654971 2021] [core:notice] [pid 14516:tid 528] AH00094: Command line: 'C:\\Users\\punky\\Desktop\\tableau_de_bord\\bin\\apache\\httpd-2.4.47-win64-VS16\\bin\\httpd -d C:/Users/punky/Desktop/tableau_de_bord/bin/apache/httpd-2.4.47-win64-VS16'
[Thu Oct 28 19:28:18.654971 2021] [mpm_winnt:notice] [pid 14516:tid 528] AH00418: Parent: Created child process 13228
[Thu Oct 28 19:28:18.919010 2021] [mpm_winnt:notice] [pid 13228:tid 656] AH00354: Child: Starting 64 worker threads.
[Sat Oct 30 19:14:23.839986 2021] [core:warn] [pid 15340:tid 564] AH00098: pid file C:/Users/punky/Desktop/tableau_de_bord/bin/apache/httpd-2.4.47-win64-VS16/logs/httpd.pid overwritten -- Unclean shutdown of previous Apache run?
[Sat Oct 30 19:14:23.932868 2021] [mpm_winnt:notice] [pid 15340:tid 564] AH00455: Apache/2.4.47 (Win64) OpenSSL/1.1.1k PHP/7.4.19 configured -- resuming normal operations
[Sat Oct 30 19:14:23.932868 2021] [mpm_winnt:notice] [pid 15340:tid 564] AH00456: Apache Lounge VS16 Server built: Apr 24 2021 11:08:47
[Sat Oct 30 19:14:23.932868 2021] [core:notice] [pid 15340:tid 564] AH00094: Command line: 'C:\\Users\\punky\\Desktop\\tableau_de_bord\\bin\\apache\\httpd-2.4.47-win64-VS16\\bin\\httpd -d C:/Users/punky/Desktop/tableau_de_bord/bin/apache/httpd-2.4.47-win64-VS16'
[Sat Oct 30 19:14:23.935870 2021] [mpm_winnt:notice] [pid 15340:tid 564] AH00418: Parent: Created child process 12392
Apache server interrupted...
021] [mpm_winnt:notice] [pid 12392:tid 712] AH00354: Child: Starting 64 worker threads.
[Sat Oct 30 20:22:45.629220 2021] [mpm_winnt:notice] [pid 15340:tid 564] AH00422: Parent: Received shutdown signal -- Shutting down the server.
[Sat Oct 30 20:22:47.647421 2021] [mpm_winnt:notice] [pid 12392:tid 712] AH00364: Child: All worker threads have exited.
[Sat Oct 30 20:22:50.510140 2021] [core:warn] [pid 588:tid 552] AH00098: pid file C:/Users/punky/Desktop/tableau_de_bord/bin/apache/httpd-2.4.47-win64-VS16/logs/httpd.pid overwritten -- Unclean shutdown of previous Apache run?
[Sat Oct 30 20:22:50.529145 2021] [mpm_winnt:notice] [pid 588:tid 552] AH00455: Apache/2.4.47 (Win64) OpenSSL/1.1.1k PHP/7.4.19 configured -- resuming normal operations
[Sat Oct 30 20:22:50.529145 2021] [mpm_winnt:notice] [pid 588:tid 552] AH00456: Apache Lounge VS16 Server built: Apr 24 2021 11:08:47
[Sat Oct 30 20:22:50.529145 2021] [core:notice] [pid 588:tid 552] AH00094: Command line: 'C:\\Users\\punky\\Desktop\\tableau_de_bord\\bin\\apache\\httpd-2.4.47-win64-VS16\\bin\\httpd -d C:/Users/punky/Desktop/tableau_de_bord/bin/apache/httpd-2.4.47-win64-VS16'
[Sat Oct 30 20:22:50.532146 2021] [mpm_winnt:notice] [pid 588:tid 552] AH00418: Parent: Created child process 7928
[Sat Oct 30 20:22:50.873824 2021] [mpm_winnt:notice] [pid 7928:tid 688] AH00354: Child: Starting 64 worker threads.
[Sun Oct 31 11:35:55.775283 2021] [core:warn] [pid 21396:tid 572] AH00098: pid file C:/Users/punky/Desktop/tableau_de_bord/bin/apache/httpd-2.4.47-win64-VS16/logs/httpd.pid overwritten -- Unclean shutdown of previous Apache run?
[Sun Oct 31 11:35:55.995430 2021] [mpm_winnt:notice] [pid 21396:tid 572] AH00455: Apache/2.4.47 (Win64) OpenSSL/1.1.1k PHP/7.4.19 configured -- resuming normal operations
[Sun Oct 31 11:35:55.995430 2021] [mpm_winnt:notice] [pid 21396:tid 572] AH00456: Apache Lounge VS16 Server built: Apr 24 2021 11:08:47
[Sun Oct 31 11:35:55.995430 2021] [core:notice] [pid 21396:tid 572] AH00094: Command line: 'C:\\Users\\punky\\Desktop\\tableau_de_bord\\bin\\apache\\httpd-2.4.47-win64-VS16\\bin\\httpd -d C:/Users/punky/Desktop/tableau_de_bord/bin/apache/httpd-2.4.47-win64-VS16'
[Sun Oct 31 11:35:55.997431 2021] [mpm_winnt:notice] [pid 21396:tid 572] AH00418: Parent: Created child process 2624
Apache server interrupted...
021] [mpm_winnt:notice] [pid 2624:tid 544] AH00354: Child: Starting 64 worker threads.
[Sun Oct 31 13:39:33.572696 2021] [mpm_winnt:notice] [pid 21396:tid 572] AH00422: Parent: Received shutdown signal -- Shutting down the server.
[Sun Oct 31 13:39:53.025901 2021] [core:warn] [pid 23376:tid 412] AH00098: pid file C:/Users/punky/Desktop/tableau_de_bord/bin/apache/httpd-2.4.47-win64-VS16/logs/httpd.pid overwritten -- Unclean shutdown of previous Apache run?
[Sun Oct 31 13:39:53.042905 2021] [mpm_winnt:notice] [pid 23376:tid 412] AH00455: Apache/2.4.47 (Win64) OpenSSL/1.1.1k PHP/7.4.19 configured -- resuming normal operations
[Sun Oct 31 13:39:53.042905 2021] [mpm_winnt:notice] [pid 23376:tid 412] AH00456: Apache Lounge VS16 Server built: Apr 24 2021 11:08:47
[Sun Oct 31 13:39:53.042905 2021] [core:notice] [pid 23376:tid 412] AH00094: Command line: 'C:\\Users\\punky\\Desktop\\tableau_de_bord\\bin\\apache\\httpd-2.4.47-win64-VS16\\bin\\httpd -d C:/Users/punky/Desktop/tableau_de_bord/bin/apache/httpd-2.4.47-win64-VS16'
[Sun Oct 31 13:39:53.044905 2021] [mpm_winnt:notice] [pid 23376:tid 412] AH00418: Parent: Created child process 15092
[Sun Oct 31 13:39:53.322968 2021] [mpm_winnt:notice] [pid 15092:tid 568] AH00354: Child: Starting 64 worker threads.
[Mon Nov 01 13:50:47.743309 2021] [core:warn] [pid 11840:tid 520] AH00098: pid file C:/Users/punky/Desktop/tableau_de_bord/bin/apache/httpd-2.4.47-win64-VS16/logs/httpd.pid overwritten -- Unclean shutdown of previous Apache run?
[Mon Nov 01 13:50:47.988299 2021] [mpm_winnt:notice] [pid 11840:tid 520] AH00455: Apache/2.4.47 (Win64) OpenSSL/1.1.1k PHP/7.4.19 configured -- resuming normal operations
[Mon Nov 01 13:50:47.988299 2021] [mpm_winnt:notice] [pid 11840:tid 520] AH00456: Apache Lounge VS16 Server built: Apr 24 2021 11:08:47
[Mon Nov 01 13:50:47.988299 2021] [core:notice] [pid 11840:tid 520] AH00094: Command line: 'C:\\Users\\punky\\Desktop\\tableau_de_bord\\bin\\apache\\httpd-2.4.47-win64-VS16\\bin\\httpd -d C:/Users/punky/Desktop/tableau_de_bord/bin/apache/httpd-2.4.47-win64-VS16'
[Mon Nov 01 13:50:47.990300 2021] [mpm_winnt:notice] [pid 11840:tid 520] AH00418: Parent: Created child process 11440
Apache server interrupted...
021] [mpm_winnt:notice] [pid 11440:tid 628] AH00354: Child: Starting 64 worker threads.
[Tue Nov 02 02:26:31.373903 2021] [mpm_winnt:notice] [pid 11840:tid 520] AH00422: Parent: Received shutdown signal -- Shutting down the server.
[Tue Nov 02 02:26:33.397387 2021] [mpm_winnt:notice] [pid 11440:tid 628] AH00364: Child: All worker threads have exited.
[Tue Nov 02 12:56:01.498271 2021] [core:warn] [pid 10900:tid 568] AH00098: pid file C:/Users/punky/Desktop/tableau_de_bord/bin/apache/httpd-2.4.47-win64-VS16/logs/httpd.pid overwritten -- Unclean shutdown of previous Apache run?
[Tue Nov 02 12:56:01.713284 2021] [mpm_winnt:notice] [pid 10900:tid 568] AH00455: Apache/2.4.47 (Win64) OpenSSL/1.1.1k PHP/7.4.19 configured -- resuming normal operations
[Tue Nov 02 12:56:01.713284 2021] [mpm_winnt:notice] [pid 10900:tid 568] AH00456: Apache Lounge VS16 Server built: Apr 24 2021 11:08:47
[Tue Nov 02 12:56:01.713284 2021] [core:notice] [pid 10900:tid 568] AH00094: Command line: 'C:\\Users\\punky\\Desktop\\tableau_de_bord\\bin\\apache\\httpd-2.4.47-win64-VS16\\bin\\httpd -d C:/Users/punky/Desktop/tableau_de_bord/bin/apache/httpd-2.4.47-win64-VS16'
[Tue Nov 02 12:56:01.714284 2021] [mpm_winnt:notice] [pid 10900:tid 568] AH00418: Parent: Created child process 16788
[Tue Nov 02 12:56:02.003359 2021] [mpm_winnt:notice] [pid 16788:tid 652] AH00354: Child: Starting 64 worker threads.
[Wed Nov 03 12:54:38.011985 2021] [core:warn] [pid 14416:tid 564] AH00098: pid file C:/Users/punky/Desktop/tableau_de_bord/bin/apache/httpd-2.4.47-win64-VS16/logs/httpd.pid overwritten -- Unclean shutdown of previous Apache run?
[Wed Nov 03 12:54:38.246554 2021] [mpm_winnt:notice] [pid 14416:tid 564] AH00455: Apache/2.4.47 (Win64) OpenSSL/1.1.1k PHP/7.4.19 configured -- resuming normal operations
[Wed Nov 03 12:54:38.246554 2021] [mpm_winnt:notice] [pid 14416:tid 564] AH00456: Apache Lounge VS16 Server built: Apr 24 2021 11:08:47
[Wed Nov 03 12:54:38.246554 2021] [core:notice] [pid 14416:tid 564] AH00094: Command line: 'C:\\Users\\punky\\Desktop\\tableau_de_bord\\bin\\apache\\httpd-2.4.47-win64-VS16\\bin\\httpd -d C:/Users/punky/Desktop/tableau_de_bord/bin/apache/httpd-2.4.47-win64-VS16'
[Wed Nov 03 12:54:38.248554 2021] [mpm_winnt:notice] [pid 14416:tid 564] AH00418: Parent: Created child process 18796
[Wed Nov 03 12:54:38.506127 2021] [mpm_winnt:notice] [pid 18796:tid 584] AH00354: Child: Starting 64 worker threads.
[Thu Nov 04 12:26:35.206734 2021] [core:warn] [pid 24704:tid 592] AH00098: pid file C:/Users/punky/Desktop/tableau_de_bord/bin/apache/httpd-2.4.47-win64-VS16/logs/httpd.pid overwritten -- Unclean shutdown of previous Apache run?
[Thu Nov 04 12:26:35.443788 2021] [mpm_winnt:notice] [pid 24704:tid 592] AH00455: Apache/2.4.47 (Win64) OpenSSL/1.1.1k PHP/7.4.19 configured -- resuming normal operations
[Thu Nov 04 12:26:35.443788 2021] [mpm_winnt:notice] [pid 24704:tid 592] AH00456: Apache Lounge VS16 Server built: Apr 24 2021 11:08:47
[Thu Nov 04 12:26:35.443788 2021] [core:notice] [pid 24704:tid 592] AH00094: Command line: 'C:\\Users\\punky\\Desktop\\tableau_de_bord\\bin\\apache\\httpd-2.4.47-win64-VS16\\bin\\httpd -d C:/Users/punky/Desktop/tableau_de_bord/bin/apache/httpd-2.4.47-win64-VS16'
[Thu Nov 04 12:26:35.445788 2021] [mpm_winnt:notice] [pid 24704:tid 592] AH00418: Parent: Created child process 9172
[Thu Nov 04 12:26:35.732851 2021] [mpm_winnt:notice] [pid 9172:tid 512] AH00354: Child: Starting 64 worker threads.
[Fri Nov 05 12:04:08.152613 2021] [core:warn] [pid 4616:tid 536] AH00098: pid file C:/Users/punky/Desktop/tableau_de_bord/bin/apache/httpd-2.4.47-win64-VS16/logs/httpd.pid overwritten -- Unclean shutdown of previous Apache run?
[Fri Nov 05 12:04:08.393704 2021] [mpm_winnt:notice] [pid 4616:tid 536] AH00455: Apache/2.4.47 (Win64) OpenSSL/1.1.1k PHP/7.4.19 configured -- resuming normal operations
[Fri Nov 05 12:04:08.393704 2021] [mpm_winnt:notice] [pid 4616:tid 536] AH00456: Apache Lounge VS16 Server built: Apr 24 2021 11:08:47
[Fri Nov 05 12:04:08.393704 2021] [core:notice] [pid 4616:tid 536] AH00094: Command line: 'C:\\Users\\punky\\Desktop\\tableau_de_bord\\bin\\apache\\httpd-2.4.47-win64-VS16\\bin\\httpd -d C:/Users/punky/Desktop/tableau_de_bord/bin/apache/httpd-2.4.47-win64-VS16'
[Fri Nov 05 12:04:08.396704 2021] [mpm_winnt:notice] [pid 4616:tid 536] AH00418: Parent: Created child process 25544
[Fri Nov 05 12:04:08.667766 2021] [mpm_winnt:notice] [pid 25544:tid 592] AH00354: Child: Starting 64 worker threads.
[Sat Nov 06 13:44:51.476159 2021] [core:warn] [pid 11268:tid 544] AH00098: pid file C:/Users/punky/Desktop/tableau_de_bord/bin/apache/httpd-2.4.47-win64-VS16/logs/httpd.pid overwritten -- Unclean shutdown of previous Apache run?
[Sat Nov 06 13:44:51.723214 2021] [mpm_winnt:notice] [pid 11268:tid 544] AH00455: Apache/2.4.47 (Win64) OpenSSL/1.1.1k PHP/7.4.19 configured -- resuming normal operations
[Sat Nov 06 13:44:51.723214 2021] [mpm_winnt:notice] [pid 11268:tid 544] AH00456: Apache Lounge VS16 Server built: Apr 24 2021 11:08:47
[Sat Nov 06 13:44:51.723214 2021] [core:notice] [pid 11268:tid 544] AH00094: Command line: 'C:\\Users\\punky\\Desktop\\tableau_de_bord\\bin\\apache\\httpd-2.4.47-win64-VS16\\bin\\httpd -d C:/Users/punky/Desktop/tableau_de_bord/bin/apache/httpd-2.4.47-win64-VS16'
[Sat Nov 06 13:44:51.725215 2021] [mpm_winnt:notice] [pid 11268:tid 544] AH00418: Parent: Created child process 26992
[Sat Nov 06 13:44:52.000276 2021] [mpm_winnt:notice] [pid 26992:tid 556] AH00354: Child: Starting 64 worker threads.
[Sun Nov 07 13:21:56.843005 2021] [core:warn] [pid 6308:tid 696] AH00098: pid file C:/Users/punky/Desktop/tableau_de_bord/bin/apache/httpd-2.4.47-win64-VS16/logs/httpd.pid overwritten -- Unclean shutdown of previous Apache run?
[Sun Nov 07 13:21:57.247096 2021] [mpm_winnt:notice] [pid 6308:tid 696] AH00455: Apache/2.4.47 (Win64) OpenSSL/1.1.1k PHP/7.4.19 configured -- resuming normal operations
[Sun Nov 07 13:21:57.247096 2021] [mpm_winnt:notice] [pid 6308:tid 696] AH00456: Apache Lounge VS16 Server built: Apr 24 2021 11:08:47
[Sun Nov 07 13:21:57.247096 2021] [core:notice] [pid 6308:tid 696] AH00094: Command line: 'C:\\Users\\punky\\Desktop\\tableau_de_bord\\bin\\apache\\httpd-2.4.47-win64-VS16\\bin\\httpd -d C:/Users/punky/Desktop/tableau_de_bord/bin/apache/httpd-2.4.47-win64-VS16'
[Sun Nov 07 13:21:57.249096 2021] [mpm_winnt:notice] [pid 6308:tid 696] AH00418: Parent: Created child process 19056
[Sun Nov 07 13:21:57.741206 2021] [mpm_winnt:notice] [pid 19056:tid 600] AH00354: Child: Starting 64 worker threads.
[Mon Nov 08 11:26:36.432091 2021] [core:warn] [pid 17476:tid 580] AH00098: pid file C:/Users/punky/Desktop/tableau_de_bord/bin/apache/httpd-2.4.47-win64-VS16/logs/httpd.pid overwritten -- Unclean shutdown of previous Apache run?
[Mon Nov 08 11:26:36.655049 2021] [mpm_winnt:notice] [pid 17476:tid 580] AH00455: Apache/2.4.47 (Win64) OpenSSL/1.1.1k PHP/7.4.19 configured -- resuming normal operations
[Mon Nov 08 11:26:36.655049 2021] [mpm_winnt:notice] [pid 17476:tid 580] AH00456: Apache Lounge VS16 Server built: Apr 24 2021 11:08:47
[Mon Nov 08 11:26:36.655049 2021] [core:notice] [pid 17476:tid 580] AH00094: Command line: 'C:\\Users\\punky\\Desktop\\tableau_de_bord\\bin\\apache\\httpd-2.4.47-win64-VS16\\bin\\httpd -d C:/Users/punky/Desktop/tableau_de_bord/bin/apache/httpd-2.4.47-win64-VS16'
[Mon Nov 08 11:26:36.657049 2021] [mpm_winnt:notice] [pid 17476:tid 580] AH00418: Parent: Created child process 17520
[Mon Nov 08 11:26:36.917108 2021] [mpm_winnt:notice] [pid 17520:tid 672] AH00354: Child: Starting 64 worker threads.
[Tue Nov 09 12:25:44.003239 2021] [core:warn] [pid 18420:tid 184] AH00098: pid file C:/Users/punky/Documents/GitHub/tableauDeBordSerreDeSangatte/bin/apache/httpd-2.4.47-win64-VS16/logs/httpd.pid overwritten -- Unclean shutdown of previous Apache run?
[Tue Nov 09 12:25:44.026244 2021] [mpm_winnt:notice] [pid 18420:tid 184] AH00455: Apache/2.4.47 (Win64) OpenSSL/1.1.1k PHP/7.4.19 configured -- resuming normal operations
[Tue Nov 09 12:25:44.026244 2021] [mpm_winnt:notice] [pid 18420:tid 184] AH00456: Apache Lounge VS16 Server built: Apr 24 2021 11:08:47
[Tue Nov 09 12:25:44.026244 2021] [core:notice] [pid 18420:tid 184] AH00094: Command line: 'C:\\Users\\punky\\Documents\\GitHub\\tableauDeBordSerreDeSangatte\\bin\\apache\\httpd-2.4.47-win64-VS16\\bin\\httpd -d C:/Users/punky/Documents/GitHub/tableauDeBordSerreDeSangatte/bin/apache/httpd-2.4.47-win64-VS16'
[Tue Nov 09 12:25:44.028243 2021] [mpm_winnt:notice] [pid 18420:tid 184] AH00418: Parent: Created child process 21380
Apache server interrupted...
021] [mpm_winnt:notice] [pid 21380:tid 668] AH00354: Child: Starting 64 worker threads.
[Tue Nov 09 12:27:26.948988 2021] [mpm_winnt:notice] [pid 18420:tid 184] AH00422: Parent: Received shutdown signal -- Shutting down the server.
[Tue Nov 09 12:27:28.967095 2021] [mpm_winnt:notice] [pid 21380:tid 668] AH00364: Child: All worker threads have exited.
[Tue Nov 09 12:27:33.048197 2021] [core:warn] [pid 18072:tid 172] AH00098: pid file C:/Users/punky/Documents/GitHub/tableauDeBordSerreDeSangatte/bin/apache/httpd-2.4.47-win64-VS16/logs/httpd.pid overwritten -- Unclean shutdown of previous Apache run?
[Tue Nov 09 12:27:33.064200 2021] [mpm_winnt:notice] [pid 18072:tid 172] AH00455: Apache/2.4.47 (Win64) OpenSSL/1.1.1k PHP/7.4.19 configured -- resuming normal operations
[Tue Nov 09 12:27:33.064200 2021] [mpm_winnt:notice] [pid 18072:tid 172] AH00456: Apache Lounge VS16 Server built: Apr 24 2021 11:08:47
[Tue Nov 09 12:27:33.064200 2021] [core:notice] [pid 18072:tid 172] AH00094: Command line: 'C:\\Users\\punky\\Documents\\GitHub\\tableauDeBordSerreDeSangatte\\bin\\apache\\httpd-2.4.47-win64-VS16\\bin\\httpd -d C:/Users/punky/Documents/GitHub/tableauDeBordSerreDeSangatte/bin/apache/httpd-2.4.47-win64-VS16'
[Tue Nov 09 12:27:33.068202 2021] [mpm_winnt:notice] [pid 18072:tid 172] AH00418: Parent: Created child process 13100
Apache server restarting...
2021] [mpm_winnt:notice] [pid 13100:tid 676] AH00354: Child: Starting 64 worker threads.
[Tue Nov 09 12:28:41.457065 2021] [mpm_winnt:notice] [pid 18072:tid 172] AH00424: Parent: Received restart signal -- Restarting the server.
[Tue Nov 09 12:28:41.492074 2021] [mpm_winnt:notice] [pid 18072:tid 172] AH00455: Apache/2.4.47 (Win64) OpenSSL/1.1.1k PHP/7.4.19 configured -- resuming normal operations
[Tue Nov 09 12:28:41.492074 2021] [mpm_winnt:notice] [pid 18072:tid 172] AH00456: Apache Lounge VS16 Server built: Apr 24 2021 11:08:47
[Tue Nov 09 12:28:41.492074 2021] [core:notice] [pid 18072:tid 172] AH00094: Command line: 'C:\\Users\\punky\\Documents\\GitHub\\tableauDeBordSerreDeSangatte\\bin\\apache\\httpd-2.4.47-win64-VS16\\bin\\httpd -d C:/Users/punky/Documents/GitHub/tableauDeBordSerreDeSangatte/bin/apache/httpd-2.4.47-win64-VS16'
[Tue Nov 09 12:28:41.494074 2021] [mpm_winnt:notice] [pid 18072:tid 172] AH00418: Parent: Created child process 23404
Apache server interrupted...
021] [mpm_winnt:notice] [pid 23404:tid 684] AH00354: Child: Starting 64 worker threads.
[Tue Nov 09 12:28:43.463766 2021] [mpm_winnt:notice] [pid 13100:tid 676] AH00364: Child: All worker threads have exited.
[Tue Nov 09 12:29:55.401233 2021] [mpm_winnt:notice] [pid 18072:tid 172] AH00422: Parent: Received shutdown signal -- Shutting down the server.
[Tue Nov 09 12:30:16.419874 2021] [core:warn] [pid 24628:tid 576] AH00098: pid file C:/Users/punky/Desktop/GitHub/tableauDeBordSerreDeSangatte/bin/apache/httpd-2.4.47-win64-VS16/logs/httpd.pid overwritten -- Unclean shutdown of previous Apache run?
[Tue Nov 09 12:30:16.439878 2021] [mpm_winnt:notice] [pid 24628:tid 576] AH00455: Apache/2.4.47 (Win64) OpenSSL/1.1.1k PHP/7.4.19 configured -- resuming normal operations
[Tue Nov 09 12:30:16.439878 2021] [mpm_winnt:notice] [pid 24628:tid 576] AH00456: Apache Lounge VS16 Server built: Apr 24 2021 11:08:47
[Tue Nov 09 12:30:16.439878 2021] [core:notice] [pid 24628:tid 576] AH00094: Command line: 'C:\\Users\\punky\\Desktop\\GitHub\\tableauDeBordSerreDeSangatte\\bin\\apache\\httpd-2.4.47-win64-VS16\\bin\\httpd -d C:/Users/punky/Desktop/GitHub/tableauDeBordSerreDeSangatte/bin/apache/httpd-2.4.47-win64-VS16'
[Tue Nov 09 12:30:16.443879 2021] [mpm_winnt:notice] [pid 24628:tid 576] AH00418: Parent: Created child process 26276
Apache server restarting...
2021] [mpm_winnt:notice] [pid 26276:tid 664] AH00354: Child: Starting 64 worker threads.
[Tue Nov 09 12:30:51.600315 2021] [mpm_winnt:notice] [pid 24628:tid 576] AH00424: Parent: Received restart signal -- Restarting the server.
[Tue Nov 09 12:30:51.643325 2021] [mpm_winnt:notice] [pid 24628:tid 576] AH00455: Apache/2.4.47 (Win64) OpenSSL/1.1.1k PHP/7.4.19 configured -- resuming normal operations
[Tue Nov 09 12:30:51.644324 2021] [mpm_winnt:notice] [pid 24628:tid 576] AH00456: Apache Lounge VS16 Server built: Apr 24 2021 11:08:47
[Tue Nov 09 12:30:51.644324 2021] [core:notice] [pid 24628:tid 576] AH00094: Command line: 'C:\\Users\\punky\\Desktop\\GitHub\\tableauDeBordSerreDeSangatte\\bin\\apache\\httpd-2.4.47-win64-VS16\\bin\\httpd -d C:/Users/punky/Desktop/GitHub/tableauDeBordSerreDeSangatte/bin/apache/httpd-2.4.47-win64-VS16'
[Tue Nov 09 12:30:51.646325 2021] [mpm_winnt:notice] [pid 24628:tid 576] AH00418: Parent: Created child process 21444
Apache server interrupted...
021] [mpm_winnt:notice] [pid 21444:tid 644] AH00354: Child: Starting 64 worker threads.
[Tue Nov 09 12:30:53.609099 2021] [mpm_winnt:notice] [pid 26276:tid 664] AH00364: Child: All worker threads have exited.
[Tue Nov 09 12:51:02.709834 2021] [mpm_winnt:notice] [pid 24628:tid 576] AH00422: Parent: Received shutdown signal -- Shutting down the server.
[Tue Nov 09 12:51:04.725433 2021] [mpm_winnt:notice] [pid 21444:tid 644] AH00364: Child: All worker threads have exited.
[Tue Nov 09 12:51:12.668337 2021] [core:warn] [pid 22696:tid 572] AH00098: pid file C:/Users/punky/Desktop/GitHub/tableauDeBordSerreDeSangatte/bin/apache/httpd-2.4.47-win64-VS16/logs/httpd.pid overwritten -- Unclean shutdown of previous Apache run?
[Tue Nov 09 12:51:12.682341 2021] [mpm_winnt:notice] [pid 22696:tid 572] AH00455: Apache/2.4.47 (Win64) OpenSSL/1.1.1k PHP/7.4.19 configured -- resuming normal operations
[Tue Nov 09 12:51:12.682341 2021] [mpm_winnt:notice] [pid 22696:tid 572] AH00456: Apache Lounge VS16 Server built: Apr 24 2021 11:08:47
[Tue Nov 09 12:51:12.682341 2021] [core:notice] [pid 22696:tid 572] AH00094: Command line: 'C:\\Users\\punky\\Desktop\\GitHub\\tableauDeBordSerreDeSangatte\\bin\\apache\\httpd-2.4.47-win64-VS16\\bin\\httpd -d C:/Users/punky/Desktop/GitHub/tableauDeBordSerreDeSangatte/bin/apache/httpd-2.4.47-win64-VS16'
[Tue Nov 09 12:51:12.686342 2021] [mpm_winnt:notice] [pid 22696:tid 572] AH00418: Parent: Created child process 19184
Apache server interrupted...
021] [mpm_winnt:notice] [pid 19184:tid 692] AH00354: Child: Starting 64 worker threads.
[Tue Nov 09 12:52:04.045790 2021] [mpm_winnt:notice] [pid 22696:tid 572] AH00422: Parent: Received shutdown signal -- Shutting down the server.
[Tue Nov 09 12:52:15.217001 2021] [core:warn] [pid 2784:tid 508] AH00098: pid file C:/Users/punky/Desktop/GitHub/tableauDeBordSerreDeSangatte/bin/apache/httpd-2.4.47-win64-VS16/logs/httpd.pid overwritten -- Unclean shutdown of previous Apache run?
[Tue Nov 09 12:52:15.231004 2021] [mpm_winnt:notice] [pid 2784:tid 508] AH00455: Apache/2.4.47 (Win64) OpenSSL/1.1.1k PHP/7.4.19 configured -- resuming normal operations
[Tue Nov 09 12:52:15.231004 2021] [mpm_winnt:notice] [pid 2784:tid 508] AH00456: Apache Lounge VS16 Server built: Apr 24 2021 11:08:47
[Tue Nov 09 12:52:15.231004 2021] [core:notice] [pid 2784:tid 508] AH00094: Command line: 'C:\\Users\\punky\\Desktop\\GitHub\\tableauDeBordSerreDeSangatte\\bin\\apache\\httpd-2.4.47-win64-VS16\\bin\\httpd -d C:/Users/punky/Desktop/GitHub/tableauDeBordSerreDeSangatte/bin/apache/httpd-2.4.47-win64-VS16'
[Tue Nov 09 12:52:15.235006 2021] [mpm_winnt:notice] [pid 2784:tid 508] AH00418: Parent: Created child process 6024
[Tue Nov 09 12:52:15.494064 2021] [mpm_winnt:notice] [pid 6024:tid 692] AH00354: Child: Starting 64 worker threads.
[Tue Nov 09 12:57:10.759347 2021] [mpm_winnt:crit] [pid 6024:tid 692] AH02538: Child: Parent process exited abruptly. Child process is ending
[Tue Nov 09 13:52:06.250628 2021] [core:warn] [pid 18676:tid 548] AH00098: pid file C:/Users/punky/Documents/GitHub/tableauDeBordSerreDeSangatte/bin/apache/httpd-2.4.47-win64-VS16/logs/httpd.pid overwritten -- Unclean shutdown of previous Apache run?
[Tue Nov 09 13:52:06.276634 2021] [mpm_winnt:notice] [pid 18676:tid 548] AH00455: Apache/2.4.47 (Win64) OpenSSL/1.1.1k PHP/7.4.19 configured -- resuming normal operations
[Tue Nov 09 13:52:06.276634 2021] [mpm_winnt:notice] [pid 18676:tid 548] AH00456: Apache Lounge VS16 Server built: Apr 24 2021 11:08:47
[Tue Nov 09 13:52:06.276634 2021] [core:notice] [pid 18676:tid 548] AH00094: Command line: 'C:\\Users\\punky\\Documents\\GitHub\\tableauDeBordSerreDeSangatte\\bin\\apache\\httpd-2.4.47-win64-VS16\\bin\\httpd -d C:/Users/punky/Documents/GitHub/tableauDeBordSerreDeSangatte/bin/apache/httpd-2.4.47-win64-VS16'
[Tue Nov 09 13:52:06.278634 2021] [mpm_winnt:notice] [pid 18676:tid 548] AH00418: Parent: Created child process 18412
Apache server interrupted...
021] [mpm_winnt:notice] [pid 18412:tid 648] AH00354: Child: Starting 64 worker threads.
[Tue Nov 09 14:23:12.812811 2021] [mpm_winnt:notice] [pid 18676:tid 548] AH00422: Parent: Received shutdown signal -- Shutting down the server.
[Tue Nov 09 20:05:57.207977 2021] [core:warn] [pid 8832:tid 540] AH00098: pid file C:/Users/punky/Documents/GitHub/tableauDeBordSerreDeSangatte/bin/apache/httpd-2.4.47-win64-VS16/logs/httpd.pid overwritten -- Unclean shutdown of previous Apache run?
[Tue Nov 09 20:05:58.127132 2021] [mpm_winnt:notice] [pid 8832:tid 540] AH00455: Apache/2.4.47 (Win64) OpenSSL/1.1.1k PHP/7.4.19 configured -- resuming normal operations
[Tue Nov 09 20:05:58.127132 2021] [mpm_winnt:notice] [pid 8832:tid 540] AH00456: Apache Lounge VS16 Server built: Apr 24 2021 11:08:47
[Tue Nov 09 20:05:58.127132 2021] [core:notice] [pid 8832:tid 540] AH00094: Command line: 'C:\\Users\\punky\\Documents\\GitHub\\tableauDeBordSerreDeSangatte\\bin\\apache\\httpd-2.4.47-win64-VS16\\bin\\httpd -d C:/Users/punky/Documents/GitHub/tableauDeBordSerreDeSangatte/bin/apache/httpd-2.4.47-win64-VS16'
[Tue Nov 09 20:05:58.127132 2021] [mpm_winnt:notice] [pid 8832:tid 540] AH00418: Parent: Created child process 10972
[Tue Nov 09 20:05:59.753785 2021] [mpm_winnt:notice] [pid 10972:tid 488] AH00354: Child: Starting 64 worker threads.
[Tue Nov 09 20:07:27.954833 2021] [mpm_winnt:crit] [pid 10972:tid 488] AH02538: Child: Parent process exited abruptly. Child process is ending
[Tue Nov 09 20:08:07.692763 2021] [core:warn] [pid 5560:tid 512] AH00098: pid file C:/Users/punky/Documents/GitHub/tableauDeBordSerreDeSangatte/bin/apache/httpd-2.4.47-win64-VS16/logs/httpd.pid overwritten -- Unclean shutdown of previous Apache run?
[Tue Nov 09 20:08:07.785670 2021] [mpm_winnt:notice] [pid 5560:tid 512] AH00455: Apache/2.4.47 (Win64) OpenSSL/1.1.1k PHP/7.4.19 configured -- resuming normal operations
[Tue Nov 09 20:08:07.785670 2021] [mpm_winnt:notice] [pid 5560:tid 512] AH00456: Apache Lounge VS16 Server built: Apr 24 2021 11:08:47
[Tue Nov 09 20:08:07.785670 2021] [core:notice] [pid 5560:tid 512] AH00094: Command line: 'C:\\Users\\punky\\Documents\\GitHub\\tableauDeBordSerreDeSangatte\\bin\\apache\\httpd-2.4.47-win64-VS16\\bin\\httpd -d C:/Users/punky/Documents/GitHub/tableauDeBordSerreDeSangatte/bin/apache/httpd-2.4.47-win64-VS16'
[Tue Nov 09 20:08:07.793706 2021] [mpm_winnt:notice] [pid 5560:tid 512] AH00418: Parent: Created child process 10552
[Tue Nov 09 20:08:09.590370 2021] [mpm_winnt:notice] [pid 10552:tid 616] AH00354: Child: Starting 64 worker threads.
[Tue Nov 09 21:30:58.845873 2021] [core:warn] [pid 8024:tid 500] AH00098: pid file C:/Users/punky/Documents/GitHub/tableauDeBordSerreDeSangatte/bin/apache/httpd-2.4.47-win64-VS16/logs/httpd.pid overwritten -- Unclean shutdown of previous Apache run?
[Tue Nov 09 21:30:59.220902 2021] [mpm_winnt:notice] [pid 8024:tid 500] AH00455: Apache/2.4.47 (Win64) OpenSSL/1.1.1k PHP/7.4.19 configured -- resuming normal operations
[Tue Nov 09 21:30:59.220902 2021] [mpm_winnt:notice] [pid 8024:tid 500] AH00456: Apache Lounge VS16 Server built: Apr 24 2021 11:08:47
[Tue Nov 09 21:30:59.220902 2021] [core:notice] [pid 8024:tid 500] AH00094: Command line: 'C:\\Users\\punky\\Documents\\GitHub\\tableauDeBordSerreDeSangatte\\bin\\apache\\httpd-2.4.47-win64-VS16\\bin\\httpd -d C:/Users/punky/Documents/GitHub/tableauDeBordSerreDeSangatte/bin/apache/httpd-2.4.47-win64-VS16'
[Tue Nov 09 21:30:59.220902 2021] [mpm_winnt:notice] [pid 8024:tid 500] AH00418: Parent: Created child process 3532
[Tue Nov 09 21:31:03.338281 2021] [mpm_winnt:notice] [pid 3532:tid 616] AH00354: Child: Starting 64 worker threads.
[Thu Nov 11 09:41:02.516089 2021] [mpm_winnt:crit] [pid 3532:tid 616] AH02538: Child: Parent process exited abruptly. Child process is ending
[Thu Nov 11 09:41:04.559607 2021] [mpm_winnt:notice] [pid 3532:tid 616] AH00364: Child: All worker threads have exited.
[Thu Nov 11 09:41:28.679718 2021] [core:warn] [pid 7920:tid 560] AH00098: pid file C:/Users/punky/Documents/GitHub/tableauDeBordSerreDeSangatte/bin/apache/httpd-2.4.47-win64-VS16/logs/httpd.pid overwritten -- Unclean shutdown of previous Apache run?
[Thu Nov 11 09:41:29.033804 2021] [mpm_winnt:notice] [pid 7920:tid 560] AH00455: Apache/2.4.47 (Win64) OpenSSL/1.1.1k PHP/7.4.19 configured -- resuming normal operations
[Thu Nov 11 09:41:29.033804 2021] [mpm_winnt:notice] [pid 7920:tid 560] AH00456: Apache Lounge VS16 Server built: Apr 24 2021 11:08:47
[Thu Nov 11 09:41:29.033804 2021] [core:notice] [pid 7920:tid 560] AH00094: Command line: 'C:\\Users\\punky\\Documents\\GitHub\\tableauDeBordSerreDeSangatte\\bin\\apache\\httpd-2.4.47-win64-VS16\\bin\\httpd -d C:/Users/punky/Documents/GitHub/tableauDeBordSerreDeSangatte/bin/apache/httpd-2.4.47-win64-VS16'
[Thu Nov 11 09:41:29.041805 2021] [mpm_winnt:notice] [pid 7920:tid 560] AH00418: Parent: Created child process 5044
[Thu Nov 11 09:41:30.205103 2021] [mpm_winnt:notice] [pid 5044:tid 620] AH00354: Child: Starting 64 worker threads.
[Thu Nov 11 11:41:12.653951 2021] [mpm_winnt:crit] [pid 5044:tid 620] AH02538: Child: Parent process exited abruptly. Child process is ending
[Thu Nov 11 11:41:14.683229 2021] [mpm_winnt:notice] [pid 5044:tid 620] AH00364: Child: All worker threads have exited.
[Thu Nov 11 11:41:31.684608 2021] [core:warn] [pid 3276:tid 524] AH00098: pid file C:/Users/punky/Documents/GitHub/tableauDeBordSerreDeSangatte/bin/apache/httpd-2.4.47-win64-VS16/logs/httpd.pid overwritten -- Unclean shutdown of previous Apache run?
[Thu Nov 11 11:41:31.872121 2021] [mpm_winnt:notice] [pid 3276:tid 524] AH00455: Apache/2.4.47 (Win64) OpenSSL/1.1.1k PHP/7.4.19 configured -- resuming normal operations
[Thu Nov 11 11:41:31.872121 2021] [mpm_winnt:notice] [pid 3276:tid 524] AH00456: Apache Lounge VS16 Server built: Apr 24 2021 11:08:47
[Thu Nov 11 11:41:31.872121 2021] [core:notice] [pid 3276:tid 524] AH00094: Command line: 'C:\\Users\\punky\\Documents\\GitHub\\tableauDeBordSerreDeSangatte\\bin\\apache\\httpd-2.4.47-win64-VS16\\bin\\httpd -d C:/Users/punky/Documents/GitHub/tableauDeBordSerreDeSangatte/bin/apache/httpd-2.4.47-win64-VS16'
[Thu Nov 11 11:41:31.887746 2021] [mpm_winnt:notice] [pid 3276:tid 524] AH00418: Parent: Created child process 5148
[Thu Nov 11 11:41:34.511592 2021] [mpm_winnt:notice] [pid 5148:tid 616] AH00354: Child: Starting 64 worker threads.
[Sun Nov 21 12:43:20.813126 2021] [core:warn] [pid 5960:tid 544] AH00098: pid file C:/Users/punky/Documents/GitHub/tableauDeBordSerreDeSangatte/bin/apache/httpd-2.4.47-win64-VS16/logs/httpd.pid overwritten -- Unclean shutdown of previous Apache run?
[Sun Nov 21 12:43:21.183542 2021] [mpm_winnt:notice] [pid 5960:tid 544] AH00455: Apache/2.4.47 (Win64) OpenSSL/1.1.1k PHP/7.4.19 configured -- resuming normal operations
[Sun Nov 21 12:43:21.183542 2021] [mpm_winnt:notice] [pid 5960:tid 544] AH00456: Apache Lounge VS16 Server built: Apr 24 2021 11:08:47
[Sun Nov 21 12:43:21.183542 2021] [core:notice] [pid 5960:tid 544] AH00094: Command line: 'C:\\Users\\punky\\Documents\\GitHub\\tableauDeBordSerreDeSangatte\\bin\\apache\\httpd-2.4.47-win64-VS16\\bin\\httpd -d C:/Users/punky/Documents/GitHub/tableauDeBordSerreDeSangatte/bin/apache/httpd-2.4.47-win64-VS16'
[Sun Nov 21 12:43:21.214793 2021] [mpm_winnt:notice] [pid 5960:tid 544] AH00418: Parent: Created child process 9564
[Sun Nov 21 12:43:24.668153 2021] [mpm_winnt:notice] [pid 9564:tid 464] AH00354: Child: Starting 64 worker threads.
[Sun Nov 21 13:30:03.875051 2021] [core:warn] [pid 21364:tid 164] AH00098: pid file C:/Users/punky/Documents/GitHub/tableauDeBordSerreDeSangatte/bin/apache/httpd-2.4.47-win64-VS16/logs/httpd.pid overwritten -- Unclean shutdown of previous Apache run?
[Sun Nov 21 13:30:04.045089 2021] [mpm_winnt:notice] [pid 21364:tid 164] AH00455: Apache/2.4.47 (Win64) OpenSSL/1.1.1k PHP/7.4.19 configured -- resuming normal operations
[Sun Nov 21 13:30:04.045089 2021] [mpm_winnt:notice] [pid 21364:tid 164] AH00456: Apache Lounge VS16 Server built: Apr 24 2021 11:08:47
[Sun Nov 21 13:30:04.045089 2021] [core:notice] [pid 21364:tid 164] AH00094: Command line: 'C:\\Users\\punky\\Documents\\GitHub\\tableauDeBordSerreDeSangatte\\bin\\apache\\httpd-2.4.47-win64-VS16\\bin\\httpd -d C:/Users/punky/Documents/GitHub/tableauDeBordSerreDeSangatte/bin/apache/httpd-2.4.47-win64-VS16'
[Sun Nov 21 13:30:04.047089 2021] [mpm_winnt:notice] [pid 21364:tid 164] AH00418: Parent: Created child process 7884
[Sun Nov 21 13:30:04.328152 2021] [mpm_winnt:notice] [pid 7884:tid 648] AH00354: Child: Starting 64 worker threads.
